# JRE version: Java(TM) SE Runtime Environment (8.0_72-b15) (build 1.8.0_72-b15)
# Java VM: Java HotSpot(TM) 64-Bit Server VM (25.72-b15 mixed mode linux-amd64 compressed oops)
Heap:
 PSYoungGen      total 256000K, used 151634K [0x00000000eb600000, 0x0000000100000000, 0x0000000100000000)
  eden space 193536K, 48% used [0x00000000eb600000,0x00000000f122cbb0,0x00000000f7300000)
  from space 62464K, 91% used [0x00000000fc300000,0x00000000ffae8010,0x0000000100000000)
  to   space 72192K, 0% used [0x00000000f7300000,0x00000000f7300000,0x00000000fb980000)
 ParOldGen       total 134656K, used 92628K [0x00000000c2200000, 0x00000000ca580000, 0x00000000eb600000)
  object space 134656K, 68% used [0x00000000c2200000,0x00000000c7c75150,0x00000000ca580000)
 Metaspace       used 3774K, capacity 4782K, committed 4864K, reserved 1056768K
  class space    used 423K, capacity 505K, committed 512K, reserved 1048576K
GC Heap History (10 events):
Event: 77.602 GC heap before
{Heap before GC invocations=29 (full 3):
 PSYoungGen      total 305152K, used 288032K [0x00000000eb600000, 0x0000000100000000, 0x0000000100000000)
  eden space 274944K, 100% used [0x00000000eb600000,0x00000000fc280000,0x00000000fc280000)
  from space 30208K, 43% used [0x00000000fc280000,0x00000000fcf48010,0x00000000fe000000)
  to   space 30208K, 0% used [0x00000000fe280000,0x00000000fe280000,0x0000000100000000)
 ParOldGen       total 134656K, used 70228K [0x00000000c2200000, 0x00000000ca580000, 0x00000000eb600000)
  object space 134656K, 52% used [0x00000000c2200000,0x00000000c6695150,0x00000000ca580000)
 Metaspace       used 3760K, capacity 4782K, committed 4864K, reserved 1056768K
  class space    used 423K, capacity 505K, committed 512K, reserved 1048576K
Event: 77.627 GC heap after
Heap after GC invocations=29 (full 3):
 PSYoungGen      total 297472K, used 28192K [0x00000000eb600000, 0x0000000100000000, 0x0000000100000000)
  eden space 267264K, 0% used [0x00000000eb600000,0x00000000eb600000,0x00000000fbb00000)
  from space 30208K, 93% used [0x00000000fe280000,0x00000000ffe08010,0x0000000100000000)
  to   space 35328K, 0% used [0x00000000fbb00000,0x00000000fbb00000,0x00000000fdd80000)
 ParOldGen       total 134656K, used 70228K [0x00000000c2200000, 0x00000000ca580000, 0x00000000eb600000)
  object space 134656K, 52% used [0x00000000c2200000,0x00000000c6695150,0x00000000ca580000)
 Metaspace       used 3760K, capacity 4782K, committed 4864K, reserved 1056768K
  class space    used 423K, capacity 505K, committed 512K, reserved 1048576K
}
Event: 77.825 GC heap before
{Heap before GC invocations=30 (full 3):
 PSYoungGen      total 297472K, used 295456K [0x00000000eb600000, 0x0000000100000000, 0x0000000100000000)
  eden space 267264K, 100% used [0x00000000eb600000,0x00000000fbb00000,0x00000000fbb00000)
  from space 30208K, 93% used [0x00000000fe280000,0x00000000ffe08010,0x0000000100000000)
  to   space 35328K, 0% used [0x00000000fbb00000,0x00000000fbb00000,0x00000000fdd80000)
 ParOldGen       total 134656K, used 70228K [0x00000000c2200000, 0x00000000ca580000, 0x00000000eb600000)
  object space 134656K, 52% used [0x00000000c2200000,0x00000000c6695150,0x00000000ca580000)
 Metaspace       used 3760K, capacity 4782K, committed 4864K, reserved 1056768K
  class space    used 423K, capacity 505K, committed 512K, reserved 1048576K
Event: 77.860 GC heap after
Heap after GC invocations=30 (full 3):
 PSYoungGen      total 302592K, used 35296K [0x00000000eb600000, 0x0000000100000000, 0x0000000100000000)
  eden space 267264K, 0% used [0x00000000eb600000,0x00000000eb600000,0x00000000fbb00000)
  from space 35328K, 99% used [0x00000000fbb00000,0x00000000fdd78010,0x00000000fdd80000)
  to   space 35328K, 0% used [0x00000000fdd80000,0x00000000fdd80000,0x0000000100000000)
 ParOldGen       total 134656K, used 75972K [0x00000000c2200000, 0x00000000ca580000, 0x00000000eb600000)
  object space 134656K, 56% used [0x00000000c2200000,0x00000000c6c31150,0x00000000ca580000)
 Metaspace       used 3760K, capacity 4782K, committed 4864K, reserved 1056768K
  class space    used 423K, capacity 505K, committed 512K, reserved 1048576K
}
Event: 78.092 GC heap before
{Heap before GC invocations=31 (full 3):
 PSYoungGen      total 302592K, used 302560K [0x00000000eb600000, 0x0000000100000000, 0x0000000100000000)
  eden space 267264K, 100% used [0x00000000eb600000,0x00000000fbb00000,0x00000000fbb00000)
  from space 35328K, 99% used [0x00000000fbb00000,0x00000000fdd78010,0x00000000fdd80000)
  to   space 35328K, 0% used [0x00000000fdd80000,0x00000000fdd80000,0x0000000100000000)
 ParOldGen       total 134656K, used 75972K [0x00000000c2200000, 0x00000000ca580000, 0x00000000eb600000)
  object space 134656K, 56% used [0x00000000c2200000,0x00000000c6c31150,0x00000000ca580000)
 Metaspace       used 3760K, capacity 4782K, committed 4864K, reserved 1056768K
  class space    used 423K, capacity 505K, committed 512K, reserved 1048576K
Event: 78.138 GC heap after
Heap after GC invocations=31 (full 3):
 PSYoungGen      total 261632K, used 35296K [0x00000000eb600000, 0x0000000100000000, 0x0000000100000000)
  eden space 226304K, 0% used [0x00000000eb600000,0x00000000eb600000,0x00000000f9300000)
  from space 35328K, 99% used [0x00000000fdd80000,0x00000000ffff8010,0x0000000100000000)
  to   space 55808K, 0% used [0x00000000f9300000,0x00000000f9300000,0x00000000fc980000)
 ParOldGen       total 134656K, used 92628K [0x00000000c2200000, 0x00000000ca580000, 0x00000000eb600000)
  object space 134656K, 68% used [0x00000000c2200000,0x00000000c7c75150,0x00000000ca580000)
 Metaspace       used 3760K, capacity 4782K, committed 4864K, reserved 1056768K
  class space    used 423K, capacity 505K, committed 512K, reserved 1048576K
}
Event: 78.314 GC heap before
{Heap before GC invocations=32 (full 3):
 PSYoungGen      total 261632K, used 261600K [0x00000000eb600000, 0x0000000100000000, 0x0000000100000000)
  eden space 226304K, 100% used [0x00000000eb600000,0x00000000f9300000,0x00000000f9300000)
  from space 35328K, 99% used [0x00000000fdd80000,0x00000000ffff8010,0x0000000100000000)
  to   space 55808K, 0% used [0x00000000f9300000,0x00000000f9300000,0x00000000fc980000)
 ParOldGen       total 134656K, used 92628K [0x00000000c2200000, 0x00000000ca580000, 0x00000000eb600000)
  object space 134656K, 68% used [0x00000000c2200000,0x00000000c7c75150,0x00000000ca580000)
 Metaspace       used 3760K, capacity 4782K, committed 4864K, reserved 1056768K
  class space    used 423K, capacity 505K, committed 512K, reserved 1048576K
Event: 78.353 GC heap after
Heap after GC invocations=32 (full 3):
 PSYoungGen      total 272896K, used 46400K [0x00000000eb600000, 0x0000000100000000, 0x0000000100000000)
  eden space 226304K, 0% used [0x00000000eb600000,0x00000000eb600000,0x00000000f9300000)
  from space 46592K, 99% used [0x00000000f9300000,0x00000000fc050010,0x00000000fc080000)
  to   space 62464K, 0% used [0x00000000fc300000,0x00000000fc300000,0x0000000100000000)
 ParOldGen       total 134656K, used 92628K [0x00000000c2200000, 0x00000000ca580000, 0x00000000eb600000)
  object space 134656K, 68% used [0x00000000c2200000,0x00000000c7c75150,0x00000000ca580000)
 Metaspace       used 3760K, capacity 4782K, committed 4864K, reserved 1056768K
  class space    used 423K, capacity 505K, committed 512K, reserved 1048576K
}
Event: 78.531 GC heap before
{Heap before GC invocations=33 (full 3):
 PSYoungGen      total 272896K, used 272704K [0x00000000eb600000, 0x0000000100000000, 0x0000000100000000)
  eden space 226304K, 100% used [0x00000000eb600000,0x00000000f9300000,0x00000000f9300000)
  from space 46592K, 99% used [0x00000000f9300000,0x00000000fc050010,0x00000000fc080000)
  to   space 62464K, 0% used [0x00000000fc300000,0x00000000fc300000,0x0000000100000000)
 ParOldGen       total 134656K, used 92628K [0x00000000c2200000, 0x00000000ca580000, 0x00000000eb600000)
  object space 134656K, 68% used [0x00000000c2200000,0x00000000c7c75150,0x00000000ca580000)
 Metaspace       used 3760K, capacity 4782K, committed 4864K, reserved 1056768K
  class space    used 423K, capacity 505K, committed 512K, reserved 1048576K
Event: 78.577 GC heap after
Heap after GC invocations=33 (full 3):
 PSYoungGen      total 256000K, used 57248K [0x00000000eb600000, 0x0000000100000000, 0x0000000100000000)
  eden space 193536K, 0% used [0x00000000eb600000,0x00000000eb600000,0x00000000f7300000)
  from space 62464K, 91% used [0x00000000fc300000,0x00000000ffae8010,0x0000000100000000)
  to   space 72192K, 0% used [0x00000000f7300000,0x00000000f7300000,0x00000000fb980000)
 ParOldGen       total 134656K, used 92628K [0x00000000c2200000, 0x00000000ca580000, 0x00000000eb600000)
  object space 134656K, 68% used [0x00000000c2200000,0x00000000c7c75150,0x00000000ca580000)
 Metaspace       used 3760K, capacity 4782K, committed 4864K, reserved 1056768K
  class space    used 423K, capacity 505K, committed 512K, reserved 1048576K
}

